2020-03-06 22:21:47 INFO  App:13 - Enter Your Choice 
1.Insert
2.Delete
3.Search
4.view
5.Exit
2020-03-06 22:22:00 INFO  App:19 - Enter element
2020-03-06 22:22:04 INFO  App:21 - Enter position
2020-03-06 22:22:09 INFO  App:46 - Do You Want to continue ,
If yes enter 1 or 0
2020-03-06 22:22:14 INFO  App:19 - Enter element
2020-03-06 22:22:23 INFO  App:21 - Enter position
2020-03-06 22:22:26 INFO  App:46 - Do You Want to continue ,
If yes enter 1 or 0
2020-03-06 22:24:29 INFO  App:16 - Enter Your Choice 
1.Insert
2.Delete
3.Search
4.view
5.Exit
2020-03-06 22:24:40 INFO  App:32 - Enter element
2020-03-06 22:24:43 INFO  App:40 - Element not found
2020-03-06 22:24:43 INFO  App:47 - Do You Want to continue ,
If yes enter 1 or 0
2020-03-06 22:24:47 INFO  App:16 - Enter Your Choice 
1.Insert
2.Delete
3.Search
4.view
5.Exit
2020-03-06 22:24:51 INFO  App:27 - Enter element
2020-03-06 22:27:20 INFO  App:16 - Enter Your Choice 
1.Insert
2.Delete
3.Search
4.view
5.Exit
2020-03-06 22:27:25 INFO  App:20 - Enter element
2020-03-06 22:27:28 INFO  App:22 - Enter position
2020-03-06 22:30:43 INFO  App:16 - Enter Your Choice 
1.Insert
2.Delete
3.Search
4.view
5.Exit
2020-03-06 22:30:47 INFO  App:20 - Enter element
2020-03-06 22:30:50 INFO  App:22 - Enter position within 10
2020-03-06 22:30:54 INFO  App:47 - Do You Want to continue ,
If yes enter 1 or 0
2020-03-06 22:30:57 INFO  App:16 - Enter Your Choice 
1.Insert
2.Delete
3.Search
4.view
5.Exit
2020-03-06 22:31:39 INFO  App:16 - Enter Your Choice 
1.Insert
2.Delete
3.Search
4.view
5.Exit
2020-03-06 22:31:43 INFO  App:20 - Enter element
2020-03-06 22:31:45 INFO  App:22 - Enter position within 10
2020-03-06 22:31:49 INFO  App:48 - Do You Want to continue ,
If yes enter 1 or 0
2020-03-06 22:31:51 INFO  App:16 - Enter Your Choice 
1.Insert
2.Delete
3.Search
4.view
5.Exit
2020-03-06 22:31:53 INFO  App:48 - Do You Want to continue ,
If yes enter 1 or 0
2020-03-06 22:31:58 INFO  App:16 - Enter Your Choice 
1.Insert
2.Delete
3.Search
4.view
5.Exit
2020-03-06 22:31:59 INFO  App:32 - Enter element
2020-03-06 22:32:00 INFO  App:37 - Element Found
2020-03-06 22:32:00 INFO  App:48 - Do You Want to continue ,
If yes enter 1 or 0
2020-03-06 22:32:03 INFO  App:16 - Enter Your Choice 
1.Insert
2.Delete
3.Search
4.view
5.Exit
2020-03-06 22:32:04 INFO  App:32 - Enter element
2020-03-06 22:32:05 INFO  App:40 - Element not found
2020-03-06 22:32:05 INFO  App:48 - Do You Want to continue ,
If yes enter 1 or 0
2020-03-06 22:32:08 INFO  App:16 - Enter Your Choice 
1.Insert
2.Delete
3.Search
4.view
5.Exit
2020-03-06 22:32:10 INFO  App:27 - Enter element
2020-03-06 22:32:12 INFO  App:48 - Do You Want to continue ,
If yes enter 1 or 0
2020-03-06 22:32:14 INFO  App:16 - Enter Your Choice 
1.Insert
2.Delete
3.Search
4.view
5.Exit
2020-03-06 22:32:15 INFO  App:48 - Do You Want to continue ,
If yes enter 1 or 0
2020-03-06 22:32:23 INFO  App:16 - Enter Your Choice 
1.Insert
2.Delete
3.Search
4.view
5.Exit
2020-03-06 22:32:28 INFO  App:27 - Enter element
2020-03-06 22:38:11 INFO  App:16 - Enter Your Choice 
1.Insert
2.Delete
3.Search
4.view
5.Exit
2020-03-06 22:38:14 INFO  App:20 - Enter element
2020-03-06 22:38:16 INFO  App:22 - Enter position within 10
2020-03-06 22:38:18 INFO  App:52 - Do You Want to continue ,
If yes enter 1 or 0
2020-03-06 22:39:12 INFO  App:16 - Enter Your Choice 
1.Insert
2.Delete
3.Search
4.view
5.Exit
2020-03-06 22:39:15 INFO  App:52 - Do You Want to continue ,
If yes enter 1 or 0
2020-03-06 22:39:19 INFO  App:16 - Enter Your Choice 
1.Insert
2.Delete
3.Search
4.view
5.Exit
2020-03-06 22:39:20 INFO  App:27 - Enter element
2020-03-06 22:39:21 INFO  App:31 - Element removed
2020-03-06 22:39:21 INFO  App:52 - Do You Want to continue ,
If yes enter 1 or 0
2020-03-06 22:39:23 INFO  App:16 - Enter Your Choice 
1.Insert
2.Delete
3.Search
4.view
5.Exit
2020-03-06 22:39:23 INFO  App:52 - Do You Want to continue ,
If yes enter 1 or 0
2020-03-06 22:39:29 INFO  App:16 - Enter Your Choice 
1.Insert
2.Delete
3.Search
4.view
5.Exit
2020-03-06 22:39:30 INFO  App:27 - Enter element
2020-03-06 22:49:14 INFO  App:16 - Enter Your Choice 
1.Insert
2.Delete
3.Search
4.view
5.Exit
2020-03-06 22:49:24 INFO  App:16 - Enter Your Choice 
1.Insert
2.Delete
3.Search
4.view
5.Exit
2020-03-06 22:49:27 INFO  App:20 - Enter element
2020-03-06 22:49:33 INFO  App:22 - Enter position within 10
2020-03-06 22:49:34 INFO  App:52 - Do You Want to continue ,
If yes enter 1 or 0
2020-03-06 22:49:48 INFO  App:16 - Enter Your Choice 
1.Insert
2.Delete
3.Search
4.view
5.Exit
